<?xml version="1.0" encoding="UTF-8"?>
<!-- Generated by org.testng.reporters.JUnitXMLReporter -->
<testsuite ignored="1" hostname="DESKTOP-4NPRBQ4" failures="0" tests="2" name="OrangeHRMTest" time="30.475" errors="0" timestamp="2026-08-18T23:01:21 IST">
  <testcase classname="com.orangehrm.test.DummyClass" name="dummyTest" time="0.074"/>
  <testcase classname="com.orangehrm.test.DummyClass2" name="dummyTest" time="0.059"/>
  <testcase classname="com.orangehrm.base.BaseClass" name="@BeforeSuite loadConfig" time="0.0">
    <ignored/>
  </testcase> <!-- @BeforeSuite loadConfig -->
</testsuite> <!-- OrangeHRMTest -->
