<?xml version="1.0" encoding="UTF-8"?>
<testng-results ignored="0" total="2" passed="2" failed="0" skipped="0">
  <reporter-output>
  </reporter-output>
  <suite started-at="2026-08-29T21:44:37 IST" name="Default suite" finished-at="2026-08-29T21:45:00 IST" duration-ms="22619">
    <groups>
    </groups>
    <test started-at="2026-08-29T21:44:37 IST" name="Default test" finished-at="2026-08-29T21:45:00 IST" duration-ms="22619">
      <class name="com.orangehrm.test.LoginPageTest">
        <test-method is-config="true" signature="loadConfig()[pri:0, instance:com.orangehrm.test.LoginPageTest@d62fe5b]" started-at="2026-08-29T21:44:37 IST" name="loadConfig" finished-at="2026-08-29T21:44:37 IST" duration-ms="26" status="PASS">
          <reporter-output>
          </reporter-output>
        </test-method> <!-- loadConfig -->
        <test-method is-config="true" signature="setup()[pri:0, instance:com.orangehrm.test.LoginPageTest@d62fe5b]" started-at="2026-08-29T21:44:37 IST" name="setup" finished-at="2026-08-29T21:44:45 IST" duration-ms="7787" status="PASS">
          <reporter-output>
          </reporter-output>
        </test-method> <!-- setup -->
        <test-method is-config="true" signature="setupPages()[pri:0, instance:com.orangehrm.test.LoginPageTest@d62fe5b]" started-at="2026-08-29T21:44:45 IST" name="setupPages" finished-at="2026-08-29T21:44:45 IST" duration-ms="46" status="PASS">
          <reporter-output>
          </reporter-output>
        </test-method> <!-- setupPages -->
        <test-method signature="invaidLoginTest()[pri:0, instance:com.orangehrm.test.LoginPageTest@d62fe5b]" started-at="2026-08-29T21:44:45 IST" name="invaidLoginTest" finished-at="2026-08-29T21:44:48 IST" duration-ms="2649" status="PASS">
          <reporter-output>
          </reporter-output>
        </test-method> <!-- invaidLoginTest -->
        <test-method is-config="true" signature="tearDown()[pri:0, instance:com.orangehrm.test.LoginPageTest@d62fe5b]" started-at="2026-08-29T21:44:48 IST" name="tearDown" finished-at="2026-08-29T21:44:48 IST" duration-ms="548" status="PASS">
          <reporter-output>
          </reporter-output>
        </test-method> <!-- tearDown -->
        <test-method is-config="true" signature="setup()[pri:0, instance:com.orangehrm.test.LoginPageTest@d62fe5b]" started-at="2026-08-29T21:44:48 IST" name="setup" finished-at="2026-08-29T21:44:52 IST" duration-ms="3389" status="PASS">
          <reporter-output>
          </reporter-output>
        </test-method> <!-- setup -->
        <test-method is-config="true" signature="setupPages()[pri:0, instance:com.orangehrm.test.LoginPageTest@d62fe5b]" started-at="2026-08-29T21:44:52 IST" name="setupPages" finished-at="2026-08-29T21:44:52 IST" duration-ms="2" status="PASS">
          <reporter-output>
          </reporter-output>
        </test-method> <!-- setupPages -->
        <test-method signature="verifyLoginTest()[pri:0, instance:com.orangehrm.test.LoginPageTest@d62fe5b]" started-at="2026-08-29T21:44:52 IST" name="verifyLoginTest" finished-at="2026-08-29T21:44:59 IST" duration-ms="7587" status="PASS">
          <reporter-output>
          </reporter-output>
        </test-method> <!-- verifyLoginTest -->
        <test-method is-config="true" signature="tearDown()[pri:0, instance:com.orangehrm.test.LoginPageTest@d62fe5b]" started-at="2026-08-29T21:44:59 IST" name="tearDown" finished-at="2026-08-29T21:45:00 IST" duration-ms="473" status="PASS">
          <reporter-output>
          </reporter-output>
        </test-method> <!-- tearDown -->
      </class> <!-- com.orangehrm.test.LoginPageTest -->
    </test> <!-- Default test -->
  </suite> <!-- Default suite -->
</testng-results>
