<?xml version="1.0" encoding="UTF-8"?>
<!-- Generated by org.testng.reporters.JUnitReportReporter -->
<testsuite hostname="DESKTOP-4NPRBQ4" failures="0" tests="3" name="com.orangehrm.test.LoginPageTest" time="0.056" errors="1" timestamp="2026-08-27T22:47:27 IST" skipped="2">
  <testcase classname="com.orangehrm.test.LoginPageTest" name="verifyLoginTest" time="0.001">
    <skipped/>
  </testcase> <!-- verifyLoginTest -->
  <testcase classname="com.orangehrm.test.LoginPageTest" name="loadConfig" time="0.050">
    <error message="class com.orangehrm.base.BaseClass (in unnamed module @0x22927a81) cannot access class jdk.internal.org.jline.utils.Log (in module jdk.internal.le) because module jdk.internal.le does not export jdk.internal.org.jline.utils to unnamed module @0x22927a81" type="java.lang.IllegalAccessError">
      <![CDATA[java.lang.IllegalAccessError: class com.orangehrm.base.BaseClass (in unnamed module @0x22927a81) cannot access class jdk.internal.org.jline.utils.Log (in module jdk.internal.le) because module jdk.internal.le does not export jdk.internal.org.jline.utils to unnamed module @0x22927a81
at com.orangehrm.base.BaseClass.loadConfig(BaseClass.java:33)
at java.base/jdk.internal.reflect.DirectMethodHandleAccessor.invoke(DirectMethodHandleAccessor.java:103)
at java.base/java.lang.reflect.Method.invoke(Method.java:580)
at org.testng.internal.invokers.MethodInvocationHelper.invokeMethod(MethodInvocationHelper.java:141)
at org.testng.internal.invokers.MethodInvocationHelper.invokeMethodConsideringTimeout(MethodInvocationHelper.java:71)
at org.testng.internal.invokers.ConfigInvoker.invokeConfigurationMethod(ConfigInvoker.java:400)
at org.testng.internal.invokers.ConfigInvoker.invokeConfigurations(ConfigInvoker.java:333)
at org.testng.SuiteRunner.privateRun(SuiteRunner.java:358)
at org.testng.SuiteRunner.run(SuiteRunner.java:312)
at org.testng.SuiteRunnerWorker.runSuite(SuiteRunnerWorker.java:52)
at org.testng.SuiteRunnerWorker.run(SuiteRunnerWorker.java:95)
at org.testng.TestNG.runSuitesSequentially(TestNG.java:1274)
at org.testng.TestNG.runSuitesLocally(TestNG.java:1208)
at org.testng.TestNG.runSuites(TestNG.java:1112)
at org.testng.TestNG.run(TestNG.java:1079)
at org.testng.remote.AbstractRemoteTestNG.run(AbstractRemoteTestNG.java:115)
at org.testng.remote.RemoteTestNG.initAndRun(RemoteTestNG.java:293)
at org.testng.remote.RemoteTestNG.main(RemoteTestNG.java:91)
]]>
    </error>
  </testcase> <!-- loadConfig -->
  <testcase classname="com.orangehrm.test.LoginPageTest" name="invaidLoginTest" time="0.005">
    <skipped/>
  </testcase> <!-- invaidLoginTest -->
</testsuite> <!-- com.orangehrm.test.LoginPageTest -->
