<?xml version="1.0" encoding="UTF-8"?>
<!-- Generated by org.testng.reporters.JUnitReportReporter -->
<testsuite hostname="DESKTOP-4NPRBQ4" failures="0" tests="2" name="com.orangehrm.test.LoginPageTest" time="22.481" errors="0" timestamp="2026-08-29T21:45:00 IST" skipped="0">
  <testcase classname="com.orangehrm.test.LoginPageTest" name="invaidLoginTest" time="10.911"/>
  <testcase classname="com.orangehrm.test.LoginPageTest" name="verifyLoginTest" time="11.570"/>
</testsuite> <!-- com.orangehrm.test.LoginPageTest -->
