<?xml version="1.0" encoding="UTF-8"?>
<!-- Generated by org.testng.reporters.JUnitReportReporter -->
<testsuite hostname="DESKTOP-4NPRBQ4" failures="0" tests="2" name="com.orangehrm.test.DummyClass" time="32.195" errors="0" timestamp="2026-08-18T23:01:45 IST" skipped="0">
  <testcase classname="com.orangehrm.test.DummyClass" name="dummyTest" time="14.712"/>
  <testcase classname="com.orangehrm.test.DummyClass" name="dummyTest" time="17.483"/>
</testsuite> <!-- com.orangehrm.test.DummyClass -->
